23:44:09,328 ERROR main  OSCacheService:loadProps:185 - Could not load cache properties oscache.properties
java.lang.NullPointerException
	at com.xpn.xwiki.XWiki.getResourceAsStream(XWiki.java:613)
	at com.xpn.xwiki.cache.impl.OSCacheService.loadProps(OSCacheService.java:179)
	at com.xpn.xwiki.cache.impl.OSCacheService.init(OSCacheService.java:71)
	at com.xpn.xwiki.XWiki.getCacheService(XWiki.java:3681)
	at com.xpn.xwiki.store.XWikiCacheStore.initCache(XWikiCacheStore.java:76)
	at com.xpn.xwiki.store.XWikiCacheStore.initCache(XWikiCacheStore.java:71)
	at com.xpn.xwiki.store.XWikiCacheStore.<init>(XWikiCacheStore.java:54)
	at com.xpn.xwiki.XWiki.initXWiki(XWiki.java:504)
	at com.xpn.xwiki.XWiki.<init>(XWiki.java:443)
	at com.xpn.xwiki.XWiki.<init>(XWiki.java:439)
	at com.xpn.xwiki.tool.backup.AbstractPackager.createXWikiContext(AbstractPackager.java:63)
	at com.xpn.xwiki.tool.backup.Importer.importDocuments(Importer.java:56)
	at com.xpn.xwiki.tool.backup.ImportMojo.execute(ImportMojo.java:64)
	at org.apache.maven.plugin.DefaultPluginManager.executeMojo(DefaultPluginManager.java:412)
	at org.apache.maven.lifecycle.DefaultLifecycleExecutor.executeGoals(DefaultLifecycleExecutor.java:534)
	at org.apache.maven.lifecycle.DefaultLifecycleExecutor.executeStandaloneGoal(DefaultLifecycleExecutor.java:488)
	at org.apache.maven.lifecycle.DefaultLifecycleExecutor.executeGoal(DefaultLifecycleExecutor.java:458)
	at org.apache.maven.lifecycle.DefaultLifecycleExecutor.executeGoalAndHandleFailures(DefaultLifecycleExecutor.java:306)
	at org.apache.maven.lifecycle.DefaultLifecycleExecutor.executeTaskSegments(DefaultLifecycleExecutor.java:273)
	at org.apache.maven.lifecycle.DefaultLifecycleExecutor.execute(DefaultLifecycleExecutor.java:140)
	at org.apache.maven.DefaultMaven.doExecute(DefaultMaven.java:322)
	at org.apache.maven.DefaultMaven.execute(DefaultMaven.java:115)
	at org.apache.maven.cli.MavenCli.main(MavenCli.java:256)
	at sun.reflect.NativeMethodAccessorImpl.invoke0(Native Method)
	at sun.reflect.NativeMethodAccessorImpl.invoke(NativeMethodAccessorImpl.java:39)
	at sun.reflect.DelegatingMethodAccessorImpl.invoke(DelegatingMethodAccessorImpl.java:25)
	at java.lang.reflect.Method.invoke(Method.java:585)
	at org.codehaus.classworlds.Launcher.launchEnhanced(Launcher.java:315)
	at org.codehaus.classworlds.Launcher.launch(Launcher.java:255)
	at org.codehaus.classworlds.Launcher.mainWithExitCode(Launcher.java:430)
	at org.codehaus.classworlds.Launcher.main(Launcher.java:375)
23:44:09,328 ERROR main  OSCacheService:loadProps:185 - Could not load cache properties oscache-local.properties
java.lang.NullPointerException
	at com.xpn.xwiki.XWiki.getResourceAsStream(XWiki.java:613)
	at com.xpn.xwiki.cache.impl.OSCacheService.loadProps(OSCacheService.java:179)
	at com.xpn.xwiki.cache.impl.OSCacheService.init(OSCacheService.java:72)
	at com.xpn.xwiki.XWiki.getCacheService(XWiki.java:3681)
	at com.xpn.xwiki.store.XWikiCacheStore.initCache(XWikiCacheStore.java:76)
	at com.xpn.xwiki.store.XWikiCacheStore.initCache(XWikiCacheStore.java:71)
	at com.xpn.xwiki.store.XWikiCacheStore.<init>(XWikiCacheStore.java:54)
	at com.xpn.xwiki.XWiki.initXWiki(XWiki.java:504)
	at com.xpn.xwiki.XWiki.<init>(XWiki.java:443)
	at com.xpn.xwiki.XWiki.<init>(XWiki.java:439)
	at com.xpn.xwiki.tool.backup.AbstractPackager.createXWikiContext(AbstractPackager.java:63)
	at com.xpn.xwiki.tool.backup.Importer.importDocuments(Importer.java:56)
	at com.xpn.xwiki.tool.backup.ImportMojo.execute(ImportMojo.java:64)
	at org.apache.maven.plugin.DefaultPluginManager.executeMojo(DefaultPluginManager.java:412)
	at org.apache.maven.lifecycle.DefaultLifecycleExecutor.executeGoals(DefaultLifecycleExecutor.java:534)
	at org.apache.maven.lifecycle.DefaultLifecycleExecutor.executeStandaloneGoal(DefaultLifecycleExecutor.java:488)
	at org.apache.maven.lifecycle.DefaultLifecycleExecutor.executeGoal(DefaultLifecycleExecutor.java:458)
	at org.apache.maven.lifecycle.DefaultLifecycleExecutor.executeGoalAndHandleFailures(DefaultLifecycleExecutor.java:306)
	at org.apache.maven.lifecycle.DefaultLifecycleExecutor.executeTaskSegments(DefaultLifecycleExecutor.java:273)
	at org.apache.maven.lifecycle.DefaultLifecycleExecutor.execute(DefaultLifecycleExecutor.java:140)
	at org.apache.maven.DefaultMaven.doExecute(DefaultMaven.java:322)
	at org.apache.maven.DefaultMaven.execute(DefaultMaven.java:115)
	at org.apache.maven.cli.MavenCli.main(MavenCli.java:256)
	at sun.reflect.NativeMethodAccessorImpl.invoke0(Native Method)
	at sun.reflect.NativeMethodAccessorImpl.invoke(NativeMethodAccessorImpl.java:39)
	at sun.reflect.DelegatingMethodAccessorImpl.invoke(DelegatingMethodAccessorImpl.java:25)
	at java.lang.reflect.Method.invoke(Method.java:585)
	at org.codehaus.classworlds.Launcher.launchEnhanced(Launcher.java:315)
	at org.codehaus.classworlds.Launcher.launch(Launcher.java:255)
	at org.codehaus.classworlds.Launcher.mainWithExitCode(Launcher.java:430)
	at org.codehaus.classworlds.Launcher.main(Launcher.java:375)
23:44:10,843 FATAL main  DBCPConnectionProvider:configure:187 - Could not create a DBCP pool
org.apache.commons.dbcp.SQLNestedException: Cannot create PoolableConnectionFactory (Database does not exists: file:db/xwiki_db)
	at org.apache.commons.dbcp.BasicDataSource.createDataSource(BasicDataSource.java:855)
	at org.apache.commons.dbcp.BasicDataSource.getConnection(BasicDataSource.java:540)
	at com.xpn.xwiki.store.DBCPConnectionProvider.configure(DBCPConnectionProvider.java:179)
	at org.hibernate.connection.ConnectionProviderFactory.newConnectionProvider(ConnectionProviderFactory.java:124)
	at org.hibernate.connection.ConnectionProviderFactory.newConnectionProvider(ConnectionProviderFactory.java:56)
	at org.hibernate.cfg.SettingsFactory.createConnectionProvider(SettingsFactory.java:397)
	at org.hibernate.cfg.SettingsFactory.buildSettings(SettingsFactory.java:62)
	at org.hibernate.cfg.Configuration.buildSettings(Configuration.java:1933)
	at org.hibernate.cfg.Configuration.buildSessionFactory(Configuration.java:1216)
	at com.xpn.xwiki.store.XWikiHibernateBaseStore.initHibernate(XWikiHibernateBaseStore.java:128)
	at com.xpn.xwiki.store.XWikiHibernateBaseStore.checkHibernate(XWikiHibernateBaseStore.java:379)
	at com.xpn.xwiki.store.XWikiHibernateStore.loadXWikiDoc(XWikiHibernateStore.java:341)
	at com.xpn.xwiki.store.XWikiCacheStore.loadXWikiDoc(XWikiCacheStore.java:156)
	at com.xpn.xwiki.XWiki.getDocument(XWiki.java:787)
	at com.xpn.xwiki.XWiki.getDocument(XWiki.java:818)
	at com.xpn.xwiki.XWiki.getXWikiPreference(XWiki.java:1268)
	at com.xpn.xwiki.XWiki.getXWikiPreference(XWiki.java:1263)
	at com.xpn.xwiki.XWiki.preparePlugins(XWiki.java:585)
	at com.xpn.xwiki.XWiki.initXWiki(XWiki.java:546)
	at com.xpn.xwiki.XWiki.<init>(XWiki.java:443)
	at com.xpn.xwiki.XWiki.<init>(XWiki.java:439)
	at com.xpn.xwiki.tool.backup.AbstractPackager.createXWikiContext(AbstractPackager.java:63)
	at com.xpn.xwiki.tool.backup.Importer.importDocuments(Importer.java:56)
	at com.xpn.xwiki.tool.backup.ImportMojo.execute(ImportMojo.java:64)
	at org.apache.maven.plugin.DefaultPluginManager.executeMojo(DefaultPluginManager.java:412)
	at org.apache.maven.lifecycle.DefaultLifecycleExecutor.executeGoals(DefaultLifecycleExecutor.java:534)
	at org.apache.maven.lifecycle.DefaultLifecycleExecutor.executeStandaloneGoal(DefaultLifecycleExecutor.java:488)
	at org.apache.maven.lifecycle.DefaultLifecycleExecutor.executeGoal(DefaultLifecycleExecutor.java:458)
	at org.apache.maven.lifecycle.DefaultLifecycleExecutor.executeGoalAndHandleFailures(DefaultLifecycleExecutor.java:306)
	at org.apache.maven.lifecycle.DefaultLifecycleExecutor.executeTaskSegments(DefaultLifecycleExecutor.java:273)
	at org.apache.maven.lifecycle.DefaultLifecycleExecutor.execute(DefaultLifecycleExecutor.java:140)
	at org.apache.maven.DefaultMaven.doExecute(DefaultMaven.java:322)
	at org.apache.maven.DefaultMaven.execute(DefaultMaven.java:115)
	at org.apache.maven.cli.MavenCli.main(MavenCli.java:256)
	at sun.reflect.NativeMethodAccessorImpl.invoke0(Native Method)
	at sun.reflect.NativeMethodAccessorImpl.invoke(NativeMethodAccessorImpl.java:39)
	at sun.reflect.DelegatingMethodAccessorImpl.invoke(DelegatingMethodAccessorImpl.java:25)
	at java.lang.reflect.Method.invoke(Method.java:585)
	at org.codehaus.classworlds.Launcher.launchEnhanced(Launcher.java:315)
	at org.codehaus.classworlds.Launcher.launch(Launcher.java:255)
	at org.codehaus.classworlds.Launcher.mainWithExitCode(Launcher.java:430)
	at org.codehaus.classworlds.Launcher.main(Launcher.java:375)
Caused by: java.sql.SQLException: Database does not exists: file:db/xwiki_db
	at org.hsqldb.jdbc.Util.sqlException(Unknown Source)
	at org.hsqldb.jdbc.jdbcConnection.<init>(Unknown Source)
	at org.hsqldb.jdbcDriver.getConnection(Unknown Source)
	at org.hsqldb.jdbcDriver.connect(Unknown Source)
	at org.apache.commons.dbcp.DriverConnectionFactory.createConnection(DriverConnectionFactory.java:37)
	at org.apache.commons.dbcp.PoolableConnectionFactory.makeObject(PoolableConnectionFactory.java:290)
	at org.apache.commons.dbcp.BasicDataSource.validateConnectionFactory(BasicDataSource.java:877)
	at org.apache.commons.dbcp.BasicDataSource.createDataSource(BasicDataSource.java:851)
	... 41 more
23:45:17,609 ERROR main  OSCacheService:loadProps:185 - Could not load cache properties oscache.properties
java.lang.NullPointerException
	at com.xpn.xwiki.XWiki.getResourceAsStream(XWiki.java:613)
	at com.xpn.xwiki.cache.impl.OSCacheService.loadProps(OSCacheService.java:179)
	at com.xpn.xwiki.cache.impl.OSCacheService.init(OSCacheService.java:71)
	at com.xpn.xwiki.XWiki.getCacheService(XWiki.java:3681)
	at com.xpn.xwiki.store.XWikiCacheStore.initCache(XWikiCacheStore.java:76)
	at com.xpn.xwiki.store.XWikiCacheStore.initCache(XWikiCacheStore.java:71)
	at com.xpn.xwiki.store.XWikiCacheStore.<init>(XWikiCacheStore.java:54)
	at com.xpn.xwiki.XWiki.initXWiki(XWiki.java:504)
	at com.xpn.xwiki.XWiki.<init>(XWiki.java:443)
	at com.xpn.xwiki.XWiki.<init>(XWiki.java:439)
	at com.xpn.xwiki.tool.backup.AbstractPackager.createXWikiContext(AbstractPackager.java:63)
	at com.xpn.xwiki.tool.backup.Importer.importDocuments(Importer.java:56)
	at com.xpn.xwiki.tool.backup.ImportMojo.execute(ImportMojo.java:64)
	at org.apache.maven.plugin.DefaultPluginManager.executeMojo(DefaultPluginManager.java:412)
	at org.apache.maven.lifecycle.DefaultLifecycleExecutor.executeGoals(DefaultLifecycleExecutor.java:534)
	at org.apache.maven.lifecycle.DefaultLifecycleExecutor.executeStandaloneGoal(DefaultLifecycleExecutor.java:488)
	at org.apache.maven.lifecycle.DefaultLifecycleExecutor.executeGoal(DefaultLifecycleExecutor.java:458)
	at org.apache.maven.lifecycle.DefaultLifecycleExecutor.executeGoalAndHandleFailures(DefaultLifecycleExecutor.java:306)
	at org.apache.maven.lifecycle.DefaultLifecycleExecutor.executeTaskSegments(DefaultLifecycleExecutor.java:273)
	at org.apache.maven.lifecycle.DefaultLifecycleExecutor.execute(DefaultLifecycleExecutor.java:140)
	at org.apache.maven.DefaultMaven.doExecute(DefaultMaven.java:322)
	at org.apache.maven.DefaultMaven.execute(DefaultMaven.java:115)
	at org.apache.maven.cli.MavenCli.main(MavenCli.java:256)
	at sun.reflect.NativeMethodAccessorImpl.invoke0(Native Method)
	at sun.reflect.NativeMethodAccessorImpl.invoke(NativeMethodAccessorImpl.java:39)
	at sun.reflect.DelegatingMethodAccessorImpl.invoke(DelegatingMethodAccessorImpl.java:25)
	at java.lang.reflect.Method.invoke(Method.java:585)
	at org.codehaus.classworlds.Launcher.launchEnhanced(Launcher.java:315)
	at org.codehaus.classworlds.Launcher.launch(Launcher.java:255)
	at org.codehaus.classworlds.Launcher.mainWithExitCode(Launcher.java:430)
	at org.codehaus.classworlds.Launcher.main(Launcher.java:375)
23:45:17,625 ERROR main  OSCacheService:loadProps:185 - Could not load cache properties oscache-local.properties
java.lang.NullPointerException
	at com.xpn.xwiki.XWiki.getResourceAsStream(XWiki.java:613)
	at com.xpn.xwiki.cache.impl.OSCacheService.loadProps(OSCacheService.java:179)
	at com.xpn.xwiki.cache.impl.OSCacheService.init(OSCacheService.java:72)
	at com.xpn.xwiki.XWiki.getCacheService(XWiki.java:3681)
	at com.xpn.xwiki.store.XWikiCacheStore.initCache(XWikiCacheStore.java:76)
	at com.xpn.xwiki.store.XWikiCacheStore.initCache(XWikiCacheStore.java:71)
	at com.xpn.xwiki.store.XWikiCacheStore.<init>(XWikiCacheStore.java:54)
	at com.xpn.xwiki.XWiki.initXWiki(XWiki.java:504)
	at com.xpn.xwiki.XWiki.<init>(XWiki.java:443)
	at com.xpn.xwiki.XWiki.<init>(XWiki.java:439)
	at com.xpn.xwiki.tool.backup.AbstractPackager.createXWikiContext(AbstractPackager.java:63)
	at com.xpn.xwiki.tool.backup.Importer.importDocuments(Importer.java:56)
	at com.xpn.xwiki.tool.backup.ImportMojo.execute(ImportMojo.java:64)
	at org.apache.maven.plugin.DefaultPluginManager.executeMojo(DefaultPluginManager.java:412)
	at org.apache.maven.lifecycle.DefaultLifecycleExecutor.executeGoals(DefaultLifecycleExecutor.java:534)
	at org.apache.maven.lifecycle.DefaultLifecycleExecutor.executeStandaloneGoal(DefaultLifecycleExecutor.java:488)
	at org.apache.maven.lifecycle.DefaultLifecycleExecutor.executeGoal(DefaultLifecycleExecutor.java:458)
	at org.apache.maven.lifecycle.DefaultLifecycleExecutor.executeGoalAndHandleFailures(DefaultLifecycleExecutor.java:306)
	at org.apache.maven.lifecycle.DefaultLifecycleExecutor.executeTaskSegments(DefaultLifecycleExecutor.java:273)
	at org.apache.maven.lifecycle.DefaultLifecycleExecutor.execute(DefaultLifecycleExecutor.java:140)
	at org.apache.maven.DefaultMaven.doExecute(DefaultMaven.java:322)
	at org.apache.maven.DefaultMaven.execute(DefaultMaven.java:115)
	at org.apache.maven.cli.MavenCli.main(MavenCli.java:256)
	at sun.reflect.NativeMethodAccessorImpl.invoke0(Native Method)
	at sun.reflect.NativeMethodAccessorImpl.invoke(NativeMethodAccessorImpl.java:39)
	at sun.reflect.DelegatingMethodAccessorImpl.invoke(DelegatingMethodAccessorImpl.java:25)
	at java.lang.reflect.Method.invoke(Method.java:585)
	at org.codehaus.classworlds.Launcher.launchEnhanced(Launcher.java:315)
	at org.codehaus.classworlds.Launcher.launch(Launcher.java:255)
	at org.codehaus.classworlds.Launcher.mainWithExitCode(Launcher.java:430)
	at org.codehaus.classworlds.Launcher.main(Launcher.java:375)
23:45:18,796 FATAL main  DBCPConnectionProvider:configure:187 - Could not create a DBCP pool
org.apache.commons.dbcp.SQLNestedException: Cannot create PoolableConnectionFactory (Database does not exists: file:db/xwiki_db)
	at org.apache.commons.dbcp.BasicDataSource.createDataSource(BasicDataSource.java:855)
	at org.apache.commons.dbcp.BasicDataSource.getConnection(BasicDataSource.java:540)
	at com.xpn.xwiki.store.DBCPConnectionProvider.configure(DBCPConnectionProvider.java:179)
	at org.hibernate.connection.ConnectionProviderFactory.newConnectionProvider(ConnectionProviderFactory.java:124)
	at org.hibernate.connection.ConnectionProviderFactory.newConnectionProvider(ConnectionProviderFactory.java:56)
	at org.hibernate.cfg.SettingsFactory.createConnectionProvider(SettingsFactory.java:397)
	at org.hibernate.cfg.SettingsFactory.buildSettings(SettingsFactory.java:62)
	at org.hibernate.cfg.Configuration.buildSettings(Configuration.java:1933)
	at org.hibernate.cfg.Configuration.buildSessionFactory(Configuration.java:1216)
	at com.xpn.xwiki.store.XWikiHibernateBaseStore.initHibernate(XWikiHibernateBaseStore.java:128)
	at com.xpn.xwiki.store.XWikiHibernateBaseStore.checkHibernate(XWikiHibernateBaseStore.java:379)
	at com.xpn.xwiki.store.XWikiHibernateStore.loadXWikiDoc(XWikiHibernateStore.java:341)
	at com.xpn.xwiki.store.XWikiCacheStore.loadXWikiDoc(XWikiCacheStore.java:156)
	at com.xpn.xwiki.XWiki.getDocument(XWiki.java:787)
	at com.xpn.xwiki.XWiki.getDocument(XWiki.java:818)
	at com.xpn.xwiki.XWiki.getXWikiPreference(XWiki.java:1268)
	at com.xpn.xwiki.XWiki.getXWikiPreference(XWiki.java:1263)
	at com.xpn.xwiki.XWiki.preparePlugins(XWiki.java:585)
	at com.xpn.xwiki.XWiki.initXWiki(XWiki.java:546)
	at com.xpn.xwiki.XWiki.<init>(XWiki.java:443)
	at com.xpn.xwiki.XWiki.<init>(XWiki.java:439)
	at com.xpn.xwiki.tool.backup.AbstractPackager.createXWikiContext(AbstractPackager.java:63)
	at com.xpn.xwiki.tool.backup.Importer.importDocuments(Importer.java:56)
	at com.xpn.xwiki.tool.backup.ImportMojo.execute(ImportMojo.java:64)
	at org.apache.maven.plugin.DefaultPluginManager.executeMojo(DefaultPluginManager.java:412)
	at org.apache.maven.lifecycle.DefaultLifecycleExecutor.executeGoals(DefaultLifecycleExecutor.java:534)
	at org.apache.maven.lifecycle.DefaultLifecycleExecutor.executeStandaloneGoal(DefaultLifecycleExecutor.java:488)
	at org.apache.maven.lifecycle.DefaultLifecycleExecutor.executeGoal(DefaultLifecycleExecutor.java:458)
	at org.apache.maven.lifecycle.DefaultLifecycleExecutor.executeGoalAndHandleFailures(DefaultLifecycleExecutor.java:306)
	at org.apache.maven.lifecycle.DefaultLifecycleExecutor.executeTaskSegments(DefaultLifecycleExecutor.java:273)
	at org.apache.maven.lifecycle.DefaultLifecycleExecutor.execute(DefaultLifecycleExecutor.java:140)
	at org.apache.maven.DefaultMaven.doExecute(DefaultMaven.java:322)
	at org.apache.maven.DefaultMaven.execute(DefaultMaven.java:115)
	at org.apache.maven.cli.MavenCli.main(MavenCli.java:256)
	at sun.reflect.NativeMethodAccessorImpl.invoke0(Native Method)
	at sun.reflect.NativeMethodAccessorImpl.invoke(NativeMethodAccessorImpl.java:39)
	at sun.reflect.DelegatingMethodAccessorImpl.invoke(DelegatingMethodAccessorImpl.java:25)
	at java.lang.reflect.Method.invoke(Method.java:585)
	at org.codehaus.classworlds.Launcher.launchEnhanced(Launcher.java:315)
	at org.codehaus.classworlds.Launcher.launch(Launcher.java:255)
	at org.codehaus.classworlds.Launcher.mainWithExitCode(Launcher.java:430)
	at org.codehaus.classworlds.Launcher.main(Launcher.java:375)
Caused by: java.sql.SQLException: Database does not exists: file:db/xwiki_db
	at org.hsqldb.jdbc.Util.sqlException(Unknown Source)
	at org.hsqldb.jdbc.jdbcConnection.<init>(Unknown Source)
	at org.hsqldb.jdbcDriver.getConnection(Unknown Source)
	at org.hsqldb.jdbcDriver.connect(Unknown Source)
	at org.apache.commons.dbcp.DriverConnectionFactory.createConnection(DriverConnectionFactory.java:37)
	at org.apache.commons.dbcp.PoolableConnectionFactory.makeObject(PoolableConnectionFactory.java:290)
	at org.apache.commons.dbcp.BasicDataSource.validateConnectionFactory(BasicDataSource.java:877)
	at org.apache.commons.dbcp.BasicDataSource.createDataSource(BasicDataSource.java:851)
	... 41 more
23:46:18,046 ERROR main  OSCacheService:loadProps:185 - Could not load cache properties oscache.properties
java.lang.NullPointerException
	at com.xpn.xwiki.XWiki.getResourceAsStream(XWiki.java:613)
	at com.xpn.xwiki.cache.impl.OSCacheService.loadProps(OSCacheService.java:179)
	at com.xpn.xwiki.cache.impl.OSCacheService.init(OSCacheService.java:71)
	at com.xpn.xwiki.XWiki.getCacheService(XWiki.java:3681)
	at com.xpn.xwiki.store.XWikiCacheStore.initCache(XWikiCacheStore.java:76)
	at com.xpn.xwiki.store.XWikiCacheStore.initCache(XWikiCacheStore.java:71)
	at com.xpn.xwiki.store.XWikiCacheStore.<init>(XWikiCacheStore.java:54)
	at com.xpn.xwiki.XWiki.initXWiki(XWiki.java:504)
	at com.xpn.xwiki.XWiki.<init>(XWiki.java:443)
	at com.xpn.xwiki.XWiki.<init>(XWiki.java:439)
	at com.xpn.xwiki.tool.backup.AbstractPackager.createXWikiContext(AbstractPackager.java:63)
	at com.xpn.xwiki.tool.backup.Importer.importDocuments(Importer.java:56)
	at com.xpn.xwiki.tool.backup.ImportMojo.execute(ImportMojo.java:64)
	at org.apache.maven.plugin.DefaultPluginManager.executeMojo(DefaultPluginManager.java:412)
	at org.apache.maven.lifecycle.DefaultLifecycleExecutor.executeGoals(DefaultLifecycleExecutor.java:534)
	at org.apache.maven.lifecycle.DefaultLifecycleExecutor.executeStandaloneGoal(DefaultLifecycleExecutor.java:488)
	at org.apache.maven.lifecycle.DefaultLifecycleExecutor.executeGoal(DefaultLifecycleExecutor.java:458)
	at org.apache.maven.lifecycle.DefaultLifecycleExecutor.executeGoalAndHandleFailures(DefaultLifecycleExecutor.java:306)
	at org.apache.maven.lifecycle.DefaultLifecycleExecutor.executeTaskSegments(DefaultLifecycleExecutor.java:273)
	at org.apache.maven.lifecycle.DefaultLifecycleExecutor.execute(DefaultLifecycleExecutor.java:140)
	at org.apache.maven.DefaultMaven.doExecute(DefaultMaven.java:322)
	at org.apache.maven.DefaultMaven.execute(DefaultMaven.java:115)
	at org.apache.maven.cli.MavenCli.main(MavenCli.java:256)
	at sun.reflect.NativeMethodAccessorImpl.invoke0(Native Method)
	at sun.reflect.NativeMethodAccessorImpl.invoke(NativeMethodAccessorImpl.java:39)
	at sun.reflect.DelegatingMethodAccessorImpl.invoke(DelegatingMethodAccessorImpl.java:25)
	at java.lang.reflect.Method.invoke(Method.java:585)
	at org.codehaus.classworlds.Launcher.launchEnhanced(Launcher.java:315)
	at org.codehaus.classworlds.Launcher.launch(Launcher.java:255)
	at org.codehaus.classworlds.Launcher.mainWithExitCode(Launcher.java:430)
	at org.codehaus.classworlds.Launcher.main(Launcher.java:375)
23:46:18,062 ERROR main  OSCacheService:loadProps:185 - Could not load cache properties oscache-local.properties
java.lang.NullPointerException
	at com.xpn.xwiki.XWiki.getResourceAsStream(XWiki.java:613)
	at com.xpn.xwiki.cache.impl.OSCacheService.loadProps(OSCacheService.java:179)
	at com.xpn.xwiki.cache.impl.OSCacheService.init(OSCacheService.java:72)
	at com.xpn.xwiki.XWiki.getCacheService(XWiki.java:3681)
	at com.xpn.xwiki.store.XWikiCacheStore.initCache(XWikiCacheStore.java:76)
	at com.xpn.xwiki.store.XWikiCacheStore.initCache(XWikiCacheStore.java:71)
	at com.xpn.xwiki.store.XWikiCacheStore.<init>(XWikiCacheStore.java:54)
	at com.xpn.xwiki.XWiki.initXWiki(XWiki.java:504)
	at com.xpn.xwiki.XWiki.<init>(XWiki.java:443)
	at com.xpn.xwiki.XWiki.<init>(XWiki.java:439)
	at com.xpn.xwiki.tool.backup.AbstractPackager.createXWikiContext(AbstractPackager.java:63)
	at com.xpn.xwiki.tool.backup.Importer.importDocuments(Importer.java:56)
	at com.xpn.xwiki.tool.backup.ImportMojo.execute(ImportMojo.java:64)
	at org.apache.maven.plugin.DefaultPluginManager.executeMojo(DefaultPluginManager.java:412)
	at org.apache.maven.lifecycle.DefaultLifecycleExecutor.executeGoals(DefaultLifecycleExecutor.java:534)
	at org.apache.maven.lifecycle.DefaultLifecycleExecutor.executeStandaloneGoal(DefaultLifecycleExecutor.java:488)
	at org.apache.maven.lifecycle.DefaultLifecycleExecutor.executeGoal(DefaultLifecycleExecutor.java:458)
	at org.apache.maven.lifecycle.DefaultLifecycleExecutor.executeGoalAndHandleFailures(DefaultLifecycleExecutor.java:306)
	at org.apache.maven.lifecycle.DefaultLifecycleExecutor.executeTaskSegments(DefaultLifecycleExecutor.java:273)
	at org.apache.maven.lifecycle.DefaultLifecycleExecutor.execute(DefaultLifecycleExecutor.java:140)
	at org.apache.maven.DefaultMaven.doExecute(DefaultMaven.java:322)
	at org.apache.maven.DefaultMaven.execute(DefaultMaven.java:115)
	at org.apache.maven.cli.MavenCli.main(MavenCli.java:256)
	at sun.reflect.NativeMethodAccessorImpl.invoke0(Native Method)
	at sun.reflect.NativeMethodAccessorImpl.invoke(NativeMethodAccessorImpl.java:39)
	at sun.reflect.DelegatingMethodAccessorImpl.invoke(DelegatingMethodAccessorImpl.java:25)
	at java.lang.reflect.Method.invoke(Method.java:585)
	at org.codehaus.classworlds.Launcher.launchEnhanced(Launcher.java:315)
	at org.codehaus.classworlds.Launcher.launch(Launcher.java:255)
	at org.codehaus.classworlds.Launcher.mainWithExitCode(Launcher.java:430)
	at org.codehaus.classworlds.Launcher.main(Launcher.java:375)
23:47:53,203 ERROR main  OSCacheService:loadProps:185 - Could not load cache properties oscache.properties
java.lang.NullPointerException
	at com.xpn.xwiki.XWiki.getResourceAsStream(XWiki.java:613)
	at com.xpn.xwiki.cache.impl.OSCacheService.loadProps(OSCacheService.java:179)
	at com.xpn.xwiki.cache.impl.OSCacheService.init(OSCacheService.java:71)
	at com.xpn.xwiki.XWiki.getCacheService(XWiki.java:3681)
	at com.xpn.xwiki.store.XWikiCacheStore.initCache(XWikiCacheStore.java:76)
	at com.xpn.xwiki.store.XWikiCacheStore.initCache(XWikiCacheStore.java:71)
	at com.xpn.xwiki.store.XWikiCacheStore.<init>(XWikiCacheStore.java:54)
	at com.xpn.xwiki.XWiki.initXWiki(XWiki.java:504)
	at com.xpn.xwiki.XWiki.<init>(XWiki.java:443)
	at com.xpn.xwiki.XWiki.<init>(XWiki.java:439)
	at com.xpn.xwiki.tool.backup.AbstractPackager.createXWikiContext(AbstractPackager.java:63)
	at com.xpn.xwiki.tool.backup.Importer.importDocuments(Importer.java:56)
	at com.xpn.xwiki.tool.backup.ImportMojo.execute(ImportMojo.java:64)
	at org.apache.maven.plugin.DefaultPluginManager.executeMojo(DefaultPluginManager.java:412)
	at org.apache.maven.lifecycle.DefaultLifecycleExecutor.executeGoals(DefaultLifecycleExecutor.java:534)
	at org.apache.maven.lifecycle.DefaultLifecycleExecutor.executeStandaloneGoal(DefaultLifecycleExecutor.java:488)
	at org.apache.maven.lifecycle.DefaultLifecycleExecutor.executeGoal(DefaultLifecycleExecutor.java:458)
	at org.apache.maven.lifecycle.DefaultLifecycleExecutor.executeGoalAndHandleFailures(DefaultLifecycleExecutor.java:306)
	at org.apache.maven.lifecycle.DefaultLifecycleExecutor.executeTaskSegments(DefaultLifecycleExecutor.java:273)
	at org.apache.maven.lifecycle.DefaultLifecycleExecutor.execute(DefaultLifecycleExecutor.java:140)
	at org.apache.maven.DefaultMaven.doExecute(DefaultMaven.java:322)
	at org.apache.maven.DefaultMaven.execute(DefaultMaven.java:115)
	at org.apache.maven.cli.MavenCli.main(MavenCli.java:256)
	at sun.reflect.NativeMethodAccessorImpl.invoke0(Native Method)
	at sun.reflect.NativeMethodAccessorImpl.invoke(NativeMethodAccessorImpl.java:39)
	at sun.reflect.DelegatingMethodAccessorImpl.invoke(DelegatingMethodAccessorImpl.java:25)
	at java.lang.reflect.Method.invoke(Method.java:585)
	at org.codehaus.classworlds.Launcher.launchEnhanced(Launcher.java:315)
	at org.codehaus.classworlds.Launcher.launch(Launcher.java:255)
	at org.codehaus.classworlds.Launcher.mainWithExitCode(Launcher.java:430)
	at org.codehaus.classworlds.Launcher.main(Launcher.java:375)
23:47:53,218 ERROR main  OSCacheService:loadProps:185 - Could not load cache properties oscache-local.properties
java.lang.NullPointerException
	at com.xpn.xwiki.XWiki.getResourceAsStream(XWiki.java:613)
	at com.xpn.xwiki.cache.impl.OSCacheService.loadProps(OSCacheService.java:179)
	at com.xpn.xwiki.cache.impl.OSCacheService.init(OSCacheService.java:72)
	at com.xpn.xwiki.XWiki.getCacheService(XWiki.java:3681)
	at com.xpn.xwiki.store.XWikiCacheStore.initCache(XWikiCacheStore.java:76)
	at com.xpn.xwiki.store.XWikiCacheStore.initCache(XWikiCacheStore.java:71)
	at com.xpn.xwiki.store.XWikiCacheStore.<init>(XWikiCacheStore.java:54)
	at com.xpn.xwiki.XWiki.initXWiki(XWiki.java:504)
	at com.xpn.xwiki.XWiki.<init>(XWiki.java:443)
	at com.xpn.xwiki.XWiki.<init>(XWiki.java:439)
	at com.xpn.xwiki.tool.backup.AbstractPackager.createXWikiContext(AbstractPackager.java:63)
	at com.xpn.xwiki.tool.backup.Importer.importDocuments(Importer.java:56)
	at com.xpn.xwiki.tool.backup.ImportMojo.execute(ImportMojo.java:64)
	at org.apache.maven.plugin.DefaultPluginManager.executeMojo(DefaultPluginManager.java:412)
	at org.apache.maven.lifecycle.DefaultLifecycleExecutor.executeGoals(DefaultLifecycleExecutor.java:534)
	at org.apache.maven.lifecycle.DefaultLifecycleExecutor.executeStandaloneGoal(DefaultLifecycleExecutor.java:488)
	at org.apache.maven.lifecycle.DefaultLifecycleExecutor.executeGoal(DefaultLifecycleExecutor.java:458)
	at org.apache.maven.lifecycle.DefaultLifecycleExecutor.executeGoalAndHandleFailures(DefaultLifecycleExecutor.java:306)
	at org.apache.maven.lifecycle.DefaultLifecycleExecutor.executeTaskSegments(DefaultLifecycleExecutor.java:273)
	at org.apache.maven.lifecycle.DefaultLifecycleExecutor.execute(DefaultLifecycleExecutor.java:140)
	at org.apache.maven.DefaultMaven.doExecute(DefaultMaven.java:322)
	at org.apache.maven.DefaultMaven.execute(DefaultMaven.java:115)
	at org.apache.maven.cli.MavenCli.main(MavenCli.java:256)
	at sun.reflect.NativeMethodAccessorImpl.invoke0(Native Method)
	at sun.reflect.NativeMethodAccessorImpl.invoke(NativeMethodAccessorImpl.java:39)
	at sun.reflect.DelegatingMethodAccessorImpl.invoke(DelegatingMethodAccessorImpl.java:25)
	at java.lang.reflect.Method.invoke(Method.java:585)
	at org.codehaus.classworlds.Launcher.launchEnhanced(Launcher.java:315)
	at org.codehaus.classworlds.Launcher.launch(Launcher.java:255)
	at org.codehaus.classworlds.Launcher.mainWithExitCode(Launcher.java:430)
	at org.codehaus.classworlds.Launcher.main(Launcher.java:375)
23:48:44,515 ERROR main  OSCacheService:loadProps:185 - Could not load cache properties oscache.properties
java.lang.NullPointerException
	at com.xpn.xwiki.XWiki.getResourceAsStream(XWiki.java:613)
	at com.xpn.xwiki.cache.impl.OSCacheService.loadProps(OSCacheService.java:179)
	at com.xpn.xwiki.cache.impl.OSCacheService.init(OSCacheService.java:71)
	at com.xpn.xwiki.XWiki.getCacheService(XWiki.java:3681)
	at com.xpn.xwiki.store.XWikiCacheStore.initCache(XWikiCacheStore.java:76)
	at com.xpn.xwiki.store.XWikiCacheStore.initCache(XWikiCacheStore.java:71)
	at com.xpn.xwiki.store.XWikiCacheStore.<init>(XWikiCacheStore.java:54)
	at com.xpn.xwiki.XWiki.initXWiki(XWiki.java:504)
	at com.xpn.xwiki.XWiki.<init>(XWiki.java:443)
	at com.xpn.xwiki.XWiki.<init>(XWiki.java:439)
	at com.xpn.xwiki.tool.backup.AbstractPackager.createXWikiContext(AbstractPackager.java:63)
	at com.xpn.xwiki.tool.backup.Importer.importDocuments(Importer.java:56)
	at com.xpn.xwiki.tool.backup.ImportMojo.execute(ImportMojo.java:64)
	at org.apache.maven.plugin.DefaultPluginManager.executeMojo(DefaultPluginManager.java:412)
	at org.apache.maven.lifecycle.DefaultLifecycleExecutor.executeGoals(DefaultLifecycleExecutor.java:534)
	at org.apache.maven.lifecycle.DefaultLifecycleExecutor.executeStandaloneGoal(DefaultLifecycleExecutor.java:488)
	at org.apache.maven.lifecycle.DefaultLifecycleExecutor.executeGoal(DefaultLifecycleExecutor.java:458)
	at org.apache.maven.lifecycle.DefaultLifecycleExecutor.executeGoalAndHandleFailures(DefaultLifecycleExecutor.java:306)
	at org.apache.maven.lifecycle.DefaultLifecycleExecutor.executeTaskSegments(DefaultLifecycleExecutor.java:273)
	at org.apache.maven.lifecycle.DefaultLifecycleExecutor.execute(DefaultLifecycleExecutor.java:140)
	at org.apache.maven.DefaultMaven.doExecute(DefaultMaven.java:322)
	at org.apache.maven.DefaultMaven.execute(DefaultMaven.java:115)
	at org.apache.maven.cli.MavenCli.main(MavenCli.java:256)
	at sun.reflect.NativeMethodAccessorImpl.invoke0(Native Method)
	at sun.reflect.NativeMethodAccessorImpl.invoke(NativeMethodAccessorImpl.java:39)
	at sun.reflect.DelegatingMethodAccessorImpl.invoke(DelegatingMethodAccessorImpl.java:25)
	at java.lang.reflect.Method.invoke(Method.java:585)
	at org.codehaus.classworlds.Launcher.launchEnhanced(Launcher.java:315)
	at org.codehaus.classworlds.Launcher.launch(Launcher.java:255)
	at org.codehaus.classworlds.Launcher.mainWithExitCode(Launcher.java:430)
	at org.codehaus.classworlds.Launcher.main(Launcher.java:375)
23:48:44,531 ERROR main  OSCacheService:loadProps:185 - Could not load cache properties oscache-local.properties
java.lang.NullPointerException
	at com.xpn.xwiki.XWiki.getResourceAsStream(XWiki.java:613)
	at com.xpn.xwiki.cache.impl.OSCacheService.loadProps(OSCacheService.java:179)
	at com.xpn.xwiki.cache.impl.OSCacheService.init(OSCacheService.java:72)
	at com.xpn.xwiki.XWiki.getCacheService(XWiki.java:3681)
	at com.xpn.xwiki.store.XWikiCacheStore.initCache(XWikiCacheStore.java:76)
	at com.xpn.xwiki.store.XWikiCacheStore.initCache(XWikiCacheStore.java:71)
	at com.xpn.xwiki.store.XWikiCacheStore.<init>(XWikiCacheStore.java:54)
	at com.xpn.xwiki.XWiki.initXWiki(XWiki.java:504)
	at com.xpn.xwiki.XWiki.<init>(XWiki.java:443)
	at com.xpn.xwiki.XWiki.<init>(XWiki.java:439)
	at com.xpn.xwiki.tool.backup.AbstractPackager.createXWikiContext(AbstractPackager.java:63)
	at com.xpn.xwiki.tool.backup.Importer.importDocuments(Importer.java:56)
	at com.xpn.xwiki.tool.backup.ImportMojo.execute(ImportMojo.java:64)
	at org.apache.maven.plugin.DefaultPluginManager.executeMojo(DefaultPluginManager.java:412)
	at org.apache.maven.lifecycle.DefaultLifecycleExecutor.executeGoals(DefaultLifecycleExecutor.java:534)
	at org.apache.maven.lifecycle.DefaultLifecycleExecutor.executeStandaloneGoal(DefaultLifecycleExecutor.java:488)
	at org.apache.maven.lifecycle.DefaultLifecycleExecutor.executeGoal(DefaultLifecycleExecutor.java:458)
	at org.apache.maven.lifecycle.DefaultLifecycleExecutor.executeGoalAndHandleFailures(DefaultLifecycleExecutor.java:306)
	at org.apache.maven.lifecycle.DefaultLifecycleExecutor.executeTaskSegments(DefaultLifecycleExecutor.java:273)
	at org.apache.maven.lifecycle.DefaultLifecycleExecutor.execute(DefaultLifecycleExecutor.java:140)
	at org.apache.maven.DefaultMaven.doExecute(DefaultMaven.java:322)
	at org.apache.maven.DefaultMaven.execute(DefaultMaven.java:115)
	at org.apache.maven.cli.MavenCli.main(MavenCli.java:256)
	at sun.reflect.NativeMethodAccessorImpl.invoke0(Native Method)
	at sun.reflect.NativeMethodAccessorImpl.invoke(NativeMethodAccessorImpl.java:39)
	at sun.reflect.DelegatingMethodAccessorImpl.invoke(DelegatingMethodAccessorImpl.java:25)
	at java.lang.reflect.Method.invoke(Method.java:585)
	at org.codehaus.classworlds.Launcher.launchEnhanced(Launcher.java:315)
	at org.codehaus.classworlds.Launcher.launch(Launcher.java:255)
	at org.codehaus.classworlds.Launcher.mainWithExitCode(Launcher.java:430)
	at org.codehaus.classworlds.Launcher.main(Launcher.java:375)
23:49:49,343 ERROR main  OSCacheService:loadProps:185 - Could not load cache properties oscache.properties
java.lang.NullPointerException
	at com.xpn.xwiki.XWiki.getResourceAsStream(XWiki.java:613)
	at com.xpn.xwiki.cache.impl.OSCacheService.loadProps(OSCacheService.java:179)
	at com.xpn.xwiki.cache.impl.OSCacheService.init(OSCacheService.java:71)
	at com.xpn.xwiki.XWiki.getCacheService(XWiki.java:3681)
	at com.xpn.xwiki.store.XWikiCacheStore.initCache(XWikiCacheStore.java:76)
	at com.xpn.xwiki.store.XWikiCacheStore.initCache(XWikiCacheStore.java:71)
	at com.xpn.xwiki.store.XWikiCacheStore.<init>(XWikiCacheStore.java:54)
	at com.xpn.xwiki.XWiki.initXWiki(XWiki.java:504)
	at com.xpn.xwiki.XWiki.<init>(XWiki.java:443)
	at com.xpn.xwiki.XWiki.<init>(XWiki.java:439)
	at com.xpn.xwiki.tool.backup.AbstractPackager.createXWikiContext(AbstractPackager.java:63)
	at com.xpn.xwiki.tool.backup.Importer.importDocuments(Importer.java:56)
	at com.xpn.xwiki.tool.backup.ImportMojo.execute(ImportMojo.java:64)
	at org.apache.maven.plugin.DefaultPluginManager.executeMojo(DefaultPluginManager.java:412)
	at org.apache.maven.lifecycle.DefaultLifecycleExecutor.executeGoals(DefaultLifecycleExecutor.java:534)
	at org.apache.maven.lifecycle.DefaultLifecycleExecutor.executeStandaloneGoal(DefaultLifecycleExecutor.java:488)
	at org.apache.maven.lifecycle.DefaultLifecycleExecutor.executeGoal(DefaultLifecycleExecutor.java:458)
	at org.apache.maven.lifecycle.DefaultLifecycleExecutor.executeGoalAndHandleFailures(DefaultLifecycleExecutor.java:306)
	at org.apache.maven.lifecycle.DefaultLifecycleExecutor.executeTaskSegments(DefaultLifecycleExecutor.java:273)
	at org.apache.maven.lifecycle.DefaultLifecycleExecutor.execute(DefaultLifecycleExecutor.java:140)
	at org.apache.maven.DefaultMaven.doExecute(DefaultMaven.java:322)
	at org.apache.maven.DefaultMaven.execute(DefaultMaven.java:115)
	at org.apache.maven.cli.MavenCli.main(MavenCli.java:256)
	at sun.reflect.NativeMethodAccessorImpl.invoke0(Native Method)
	at sun.reflect.NativeMethodAccessorImpl.invoke(NativeMethodAccessorImpl.java:39)
	at sun.reflect.DelegatingMethodAccessorImpl.invoke(DelegatingMethodAccessorImpl.java:25)
	at java.lang.reflect.Method.invoke(Method.java:585)
	at org.codehaus.classworlds.Launcher.launchEnhanced(Launcher.java:315)
	at org.codehaus.classworlds.Launcher.launch(Launcher.java:255)
	at org.codehaus.classworlds.Launcher.mainWithExitCode(Launcher.java:430)
	at org.codehaus.classworlds.Launcher.main(Launcher.java:375)
23:49:49,359 ERROR main  OSCacheService:loadProps:185 - Could not load cache properties oscache-local.properties
java.lang.NullPointerException
	at com.xpn.xwiki.XWiki.getResourceAsStream(XWiki.java:613)
	at com.xpn.xwiki.cache.impl.OSCacheService.loadProps(OSCacheService.java:179)
	at com.xpn.xwiki.cache.impl.OSCacheService.init(OSCacheService.java:72)
	at com.xpn.xwiki.XWiki.getCacheService(XWiki.java:3681)
	at com.xpn.xwiki.store.XWikiCacheStore.initCache(XWikiCacheStore.java:76)
	at com.xpn.xwiki.store.XWikiCacheStore.initCache(XWikiCacheStore.java:71)
	at com.xpn.xwiki.store.XWikiCacheStore.<init>(XWikiCacheStore.java:54)
	at com.xpn.xwiki.XWiki.initXWiki(XWiki.java:504)
	at com.xpn.xwiki.XWiki.<init>(XWiki.java:443)
	at com.xpn.xwiki.XWiki.<init>(XWiki.java:439)
	at com.xpn.xwiki.tool.backup.AbstractPackager.createXWikiContext(AbstractPackager.java:63)
	at com.xpn.xwiki.tool.backup.Importer.importDocuments(Importer.java:56)
	at com.xpn.xwiki.tool.backup.ImportMojo.execute(ImportMojo.java:64)
	at org.apache.maven.plugin.DefaultPluginManager.executeMojo(DefaultPluginManager.java:412)
	at org.apache.maven.lifecycle.DefaultLifecycleExecutor.executeGoals(DefaultLifecycleExecutor.java:534)
	at org.apache.maven.lifecycle.DefaultLifecycleExecutor.executeStandaloneGoal(DefaultLifecycleExecutor.java:488)
	at org.apache.maven.lifecycle.DefaultLifecycleExecutor.executeGoal(DefaultLifecycleExecutor.java:458)
	at org.apache.maven.lifecycle.DefaultLifecycleExecutor.executeGoalAndHandleFailures(DefaultLifecycleExecutor.java:306)
	at org.apache.maven.lifecycle.DefaultLifecycleExecutor.executeTaskSegments(DefaultLifecycleExecutor.java:273)
	at org.apache.maven.lifecycle.DefaultLifecycleExecutor.execute(DefaultLifecycleExecutor.java:140)
	at org.apache.maven.DefaultMaven.doExecute(DefaultMaven.java:322)
	at org.apache.maven.DefaultMaven.execute(DefaultMaven.java:115)
	at org.apache.maven.cli.MavenCli.main(MavenCli.java:256)
	at sun.reflect.NativeMethodAccessorImpl.invoke0(Native Method)
	at sun.reflect.NativeMethodAccessorImpl.invoke(NativeMethodAccessorImpl.java:39)
	at sun.reflect.DelegatingMethodAccessorImpl.invoke(DelegatingMethodAccessorImpl.java:25)
	at java.lang.reflect.Method.invoke(Method.java:585)
	at org.codehaus.classworlds.Launcher.launchEnhanced(Launcher.java:315)
	at org.codehaus.classworlds.Launcher.launch(Launcher.java:255)
	at org.codehaus.classworlds.Launcher.mainWithExitCode(Launcher.java:430)
	at org.codehaus.classworlds.Launcher.main(Launcher.java:375)
23:50:58,859 ERROR main  OSCacheService:loadProps:185 - Could not load cache properties oscache.properties
java.lang.NullPointerException
	at com.xpn.xwiki.XWiki.getResourceAsStream(XWiki.java:613)
	at com.xpn.xwiki.cache.impl.OSCacheService.loadProps(OSCacheService.java:179)
	at com.xpn.xwiki.cache.impl.OSCacheService.init(OSCacheService.java:71)
	at com.xpn.xwiki.XWiki.getCacheService(XWiki.java:3681)
	at com.xpn.xwiki.store.XWikiCacheStore.initCache(XWikiCacheStore.java:76)
	at com.xpn.xwiki.store.XWikiCacheStore.initCache(XWikiCacheStore.java:71)
	at com.xpn.xwiki.store.XWikiCacheStore.<init>(XWikiCacheStore.java:54)
	at com.xpn.xwiki.XWiki.initXWiki(XWiki.java:504)
	at com.xpn.xwiki.XWiki.<init>(XWiki.java:443)
	at com.xpn.xwiki.XWiki.<init>(XWiki.java:439)
	at com.xpn.xwiki.tool.backup.AbstractPackager.createXWikiContext(AbstractPackager.java:63)
	at com.xpn.xwiki.tool.backup.Importer.importDocuments(Importer.java:56)
	at com.xpn.xwiki.tool.backup.ImportMojo.execute(ImportMojo.java:64)
	at org.apache.maven.plugin.DefaultPluginManager.executeMojo(DefaultPluginManager.java:412)
	at org.apache.maven.lifecycle.DefaultLifecycleExecutor.executeGoals(DefaultLifecycleExecutor.java:534)
	at org.apache.maven.lifecycle.DefaultLifecycleExecutor.executeStandaloneGoal(DefaultLifecycleExecutor.java:488)
	at org.apache.maven.lifecycle.DefaultLifecycleExecutor.executeGoal(DefaultLifecycleExecutor.java:458)
	at org.apache.maven.lifecycle.DefaultLifecycleExecutor.executeGoalAndHandleFailures(DefaultLifecycleExecutor.java:306)
	at org.apache.maven.lifecycle.DefaultLifecycleExecutor.executeTaskSegments(DefaultLifecycleExecutor.java:273)
	at org.apache.maven.lifecycle.DefaultLifecycleExecutor.execute(DefaultLifecycleExecutor.java:140)
	at org.apache.maven.DefaultMaven.doExecute(DefaultMaven.java:322)
	at org.apache.maven.DefaultMaven.execute(DefaultMaven.java:115)
	at org.apache.maven.cli.MavenCli.main(MavenCli.java:256)
	at sun.reflect.NativeMethodAccessorImpl.invoke0(Native Method)
	at sun.reflect.NativeMethodAccessorImpl.invoke(NativeMethodAccessorImpl.java:39)
	at sun.reflect.DelegatingMethodAccessorImpl.invoke(DelegatingMethodAccessorImpl.java:25)
	at java.lang.reflect.Method.invoke(Method.java:585)
	at org.codehaus.classworlds.Launcher.launchEnhanced(Launcher.java:315)
	at org.codehaus.classworlds.Launcher.launch(Launcher.java:255)
	at org.codehaus.classworlds.Launcher.mainWithExitCode(Launcher.java:430)
	at org.codehaus.classworlds.Launcher.main(Launcher.java:375)
23:50:58,875 ERROR main  OSCacheService:loadProps:185 - Could not load cache properties oscache-local.properties
java.lang.NullPointerException
	at com.xpn.xwiki.XWiki.getResourceAsStream(XWiki.java:613)
	at com.xpn.xwiki.cache.impl.OSCacheService.loadProps(OSCacheService.java:179)
	at com.xpn.xwiki.cache.impl.OSCacheService.init(OSCacheService.java:72)
	at com.xpn.xwiki.XWiki.getCacheService(XWiki.java:3681)
	at com.xpn.xwiki.store.XWikiCacheStore.initCache(XWikiCacheStore.java:76)
	at com.xpn.xwiki.store.XWikiCacheStore.initCache(XWikiCacheStore.java:71)
	at com.xpn.xwiki.store.XWikiCacheStore.<init>(XWikiCacheStore.java:54)
	at com.xpn.xwiki.XWiki.initXWiki(XWiki.java:504)
	at com.xpn.xwiki.XWiki.<init>(XWiki.java:443)
	at com.xpn.xwiki.XWiki.<init>(XWiki.java:439)
	at com.xpn.xwiki.tool.backup.AbstractPackager.createXWikiContext(AbstractPackager.java:63)
	at com.xpn.xwiki.tool.backup.Importer.importDocuments(Importer.java:56)
	at com.xpn.xwiki.tool.backup.ImportMojo.execute(ImportMojo.java:64)
	at org.apache.maven.plugin.DefaultPluginManager.executeMojo(DefaultPluginManager.java:412)
	at org.apache.maven.lifecycle.DefaultLifecycleExecutor.executeGoals(DefaultLifecycleExecutor.java:534)
	at org.apache.maven.lifecycle.DefaultLifecycleExecutor.executeStandaloneGoal(DefaultLifecycleExecutor.java:488)
	at org.apache.maven.lifecycle.DefaultLifecycleExecutor.executeGoal(DefaultLifecycleExecutor.java:458)
	at org.apache.maven.lifecycle.DefaultLifecycleExecutor.executeGoalAndHandleFailures(DefaultLifecycleExecutor.java:306)
	at org.apache.maven.lifecycle.DefaultLifecycleExecutor.executeTaskSegments(DefaultLifecycleExecutor.java:273)
	at org.apache.maven.lifecycle.DefaultLifecycleExecutor.execute(DefaultLifecycleExecutor.java:140)
	at org.apache.maven.DefaultMaven.doExecute(DefaultMaven.java:322)
	at org.apache.maven.DefaultMaven.execute(DefaultMaven.java:115)
	at org.apache.maven.cli.MavenCli.main(MavenCli.java:256)
	at sun.reflect.NativeMethodAccessorImpl.invoke0(Native Method)
	at sun.reflect.NativeMethodAccessorImpl.invoke(NativeMethodAccessorImpl.java:39)
	at sun.reflect.DelegatingMethodAccessorImpl.invoke(DelegatingMethodAccessorImpl.java:25)
	at java.lang.reflect.Method.invoke(Method.java:585)
	at org.codehaus.classworlds.Launcher.launchEnhanced(Launcher.java:315)
	at org.codehaus.classworlds.Launcher.launch(Launcher.java:255)
	at org.codehaus.classworlds.Launcher.mainWithExitCode(Launcher.java:430)
	at org.codehaus.classworlds.Launcher.main(Launcher.java:375)
01:42:25,125 ERROR main  OSCacheService:loadProps:185 - Could not load cache properties oscache.properties
java.lang.NullPointerException
	at com.xpn.xwiki.XWiki.getResourceAsStream(XWiki.java:613)
	at com.xpn.xwiki.cache.impl.OSCacheService.loadProps(OSCacheService.java:179)
	at com.xpn.xwiki.cache.impl.OSCacheService.init(OSCacheService.java:71)
	at com.xpn.xwiki.XWiki.getCacheService(XWiki.java:3681)
	at com.xpn.xwiki.store.XWikiCacheStore.initCache(XWikiCacheStore.java:76)
	at com.xpn.xwiki.store.XWikiCacheStore.initCache(XWikiCacheStore.java:71)
	at com.xpn.xwiki.store.XWikiCacheStore.<init>(XWikiCacheStore.java:54)
	at com.xpn.xwiki.XWiki.initXWiki(XWiki.java:504)
	at com.xpn.xwiki.XWiki.<init>(XWiki.java:443)
	at com.xpn.xwiki.XWiki.<init>(XWiki.java:439)
	at com.xpn.xwiki.tool.backup.AbstractPackager.createXWikiContext(AbstractPackager.java:63)
	at com.xpn.xwiki.tool.backup.Importer.importDocuments(Importer.java:56)
	at com.xpn.xwiki.tool.backup.ImportMojo.execute(ImportMojo.java:64)
	at org.apache.maven.plugin.DefaultPluginManager.executeMojo(DefaultPluginManager.java:412)
	at org.apache.maven.lifecycle.DefaultLifecycleExecutor.executeGoals(DefaultLifecycleExecutor.java:534)
	at org.apache.maven.lifecycle.DefaultLifecycleExecutor.executeStandaloneGoal(DefaultLifecycleExecutor.java:488)
	at org.apache.maven.lifecycle.DefaultLifecycleExecutor.executeGoal(DefaultLifecycleExecutor.java:458)
	at org.apache.maven.lifecycle.DefaultLifecycleExecutor.executeGoalAndHandleFailures(DefaultLifecycleExecutor.java:306)
	at org.apache.maven.lifecycle.DefaultLifecycleExecutor.executeTaskSegments(DefaultLifecycleExecutor.java:273)
	at org.apache.maven.lifecycle.DefaultLifecycleExecutor.execute(DefaultLifecycleExecutor.java:140)
	at org.apache.maven.DefaultMaven.doExecute(DefaultMaven.java:322)
	at org.apache.maven.DefaultMaven.execute(DefaultMaven.java:115)
	at org.apache.maven.cli.MavenCli.main(MavenCli.java:256)
	at sun.reflect.NativeMethodAccessorImpl.invoke0(Native Method)
	at sun.reflect.NativeMethodAccessorImpl.invoke(NativeMethodAccessorImpl.java:39)
	at sun.reflect.DelegatingMethodAccessorImpl.invoke(DelegatingMethodAccessorImpl.java:25)
	at java.lang.reflect.Method.invoke(Method.java:585)
	at org.codehaus.classworlds.Launcher.launchEnhanced(Launcher.java:315)
	at org.codehaus.classworlds.Launcher.launch(Launcher.java:255)
	at org.codehaus.classworlds.Launcher.mainWithExitCode(Launcher.java:430)
	at org.codehaus.classworlds.Launcher.main(Launcher.java:375)
01:42:25,171 ERROR main  OSCacheService:loadProps:185 - Could not load cache properties oscache-local.properties
java.lang.NullPointerException
	at com.xpn.xwiki.XWiki.getResourceAsStream(XWiki.java:613)
	at com.xpn.xwiki.cache.impl.OSCacheService.loadProps(OSCacheService.java:179)
	at com.xpn.xwiki.cache.impl.OSCacheService.init(OSCacheService.java:72)
	at com.xpn.xwiki.XWiki.getCacheService(XWiki.java:3681)
	at com.xpn.xwiki.store.XWikiCacheStore.initCache(XWikiCacheStore.java:76)
	at com.xpn.xwiki.store.XWikiCacheStore.initCache(XWikiCacheStore.java:71)
	at com.xpn.xwiki.store.XWikiCacheStore.<init>(XWikiCacheStore.java:54)
	at com.xpn.xwiki.XWiki.initXWiki(XWiki.java:504)
	at com.xpn.xwiki.XWiki.<init>(XWiki.java:443)
	at com.xpn.xwiki.XWiki.<init>(XWiki.java:439)
	at com.xpn.xwiki.tool.backup.AbstractPackager.createXWikiContext(AbstractPackager.java:63)
	at com.xpn.xwiki.tool.backup.Importer.importDocuments(Importer.java:56)
	at com.xpn.xwiki.tool.backup.ImportMojo.execute(ImportMojo.java:64)
	at org.apache.maven.plugin.DefaultPluginManager.executeMojo(DefaultPluginManager.java:412)
	at org.apache.maven.lifecycle.DefaultLifecycleExecutor.executeGoals(DefaultLifecycleExecutor.java:534)
	at org.apache.maven.lifecycle.DefaultLifecycleExecutor.executeStandaloneGoal(DefaultLifecycleExecutor.java:488)
	at org.apache.maven.lifecycle.DefaultLifecycleExecutor.executeGoal(DefaultLifecycleExecutor.java:458)
	at org.apache.maven.lifecycle.DefaultLifecycleExecutor.executeGoalAndHandleFailures(DefaultLifecycleExecutor.java:306)
	at org.apache.maven.lifecycle.DefaultLifecycleExecutor.executeTaskSegments(DefaultLifecycleExecutor.java:273)
	at org.apache.maven.lifecycle.DefaultLifecycleExecutor.execute(DefaultLifecycleExecutor.java:140)
	at org.apache.maven.DefaultMaven.doExecute(DefaultMaven.java:322)
	at org.apache.maven.DefaultMaven.execute(DefaultMaven.java:115)
	at org.apache.maven.cli.MavenCli.main(MavenCli.java:256)
	at sun.reflect.NativeMethodAccessorImpl.invoke0(Native Method)
	at sun.reflect.NativeMethodAccessorImpl.invoke(NativeMethodAccessorImpl.java:39)
	at sun.reflect.DelegatingMethodAccessorImpl.invoke(DelegatingMethodAccessorImpl.java:25)
	at java.lang.reflect.Method.invoke(Method.java:585)
	at org.codehaus.classworlds.Launcher.launchEnhanced(Launcher.java:315)
	at org.codehaus.classworlds.Launcher.launch(Launcher.java:255)
	at org.codehaus.classworlds.Launcher.mainWithExitCode(Launcher.java:430)
	at org.codehaus.classworlds.Launcher.main(Launcher.java:375)
03:23:09,875 ERROR main  OSCacheService:loadProps:185 - Could not load cache properties oscache.properties
java.lang.NullPointerException
	at com.xpn.xwiki.XWiki.getResourceAsStream(XWiki.java:613)
	at com.xpn.xwiki.cache.impl.OSCacheService.loadProps(OSCacheService.java:179)
	at com.xpn.xwiki.cache.impl.OSCacheService.init(OSCacheService.java:71)
	at com.xpn.xwiki.XWiki.getCacheService(XWiki.java:3681)
	at com.xpn.xwiki.store.XWikiCacheStore.initCache(XWikiCacheStore.java:76)
	at com.xpn.xwiki.store.XWikiCacheStore.initCache(XWikiCacheStore.java:71)
	at com.xpn.xwiki.store.XWikiCacheStore.<init>(XWikiCacheStore.java:54)
	at com.xpn.xwiki.XWiki.initXWiki(XWiki.java:504)
	at com.xpn.xwiki.XWiki.<init>(XWiki.java:443)
	at com.xpn.xwiki.XWiki.<init>(XWiki.java:439)
	at com.xpn.xwiki.tool.backup.AbstractPackager.createXWikiContext(AbstractPackager.java:63)
	at com.xpn.xwiki.tool.backup.Importer.importDocuments(Importer.java:56)
	at com.xpn.xwiki.tool.backup.ImportMojo.execute(ImportMojo.java:64)
	at org.apache.maven.plugin.DefaultPluginManager.executeMojo(DefaultPluginManager.java:412)
	at org.apache.maven.lifecycle.DefaultLifecycleExecutor.executeGoals(DefaultLifecycleExecutor.java:534)
	at org.apache.maven.lifecycle.DefaultLifecycleExecutor.executeStandaloneGoal(DefaultLifecycleExecutor.java:488)
	at org.apache.maven.lifecycle.DefaultLifecycleExecutor.executeGoal(DefaultLifecycleExecutor.java:458)
	at org.apache.maven.lifecycle.DefaultLifecycleExecutor.executeGoalAndHandleFailures(DefaultLifecycleExecutor.java:306)
	at org.apache.maven.lifecycle.DefaultLifecycleExecutor.executeTaskSegments(DefaultLifecycleExecutor.java:273)
	at org.apache.maven.lifecycle.DefaultLifecycleExecutor.execute(DefaultLifecycleExecutor.java:140)
	at org.apache.maven.DefaultMaven.doExecute(DefaultMaven.java:322)
	at org.apache.maven.DefaultMaven.execute(DefaultMaven.java:115)
	at org.apache.maven.cli.MavenCli.main(MavenCli.java:256)
	at sun.reflect.NativeMethodAccessorImpl.invoke0(Native Method)
	at sun.reflect.NativeMethodAccessorImpl.invoke(NativeMethodAccessorImpl.java:39)
	at sun.reflect.DelegatingMethodAccessorImpl.invoke(DelegatingMethodAccessorImpl.java:25)
	at java.lang.reflect.Method.invoke(Method.java:585)
	at org.codehaus.classworlds.Launcher.launchEnhanced(Launcher.java:315)
	at org.codehaus.classworlds.Launcher.launch(Launcher.java:255)
	at org.codehaus.classworlds.Launcher.mainWithExitCode(Launcher.java:430)
	at org.codehaus.classworlds.Launcher.main(Launcher.java:375)
03:23:09,890 ERROR main  OSCacheService:loadProps:185 - Could not load cache properties oscache-local.properties
java.lang.NullPointerException
	at com.xpn.xwiki.XWiki.getResourceAsStream(XWiki.java:613)
	at com.xpn.xwiki.cache.impl.OSCacheService.loadProps(OSCacheService.java:179)
	at com.xpn.xwiki.cache.impl.OSCacheService.init(OSCacheService.java:72)
	at com.xpn.xwiki.XWiki.getCacheService(XWiki.java:3681)
	at com.xpn.xwiki.store.XWikiCacheStore.initCache(XWikiCacheStore.java:76)
	at com.xpn.xwiki.store.XWikiCacheStore.initCache(XWikiCacheStore.java:71)
	at com.xpn.xwiki.store.XWikiCacheStore.<init>(XWikiCacheStore.java:54)
	at com.xpn.xwiki.XWiki.initXWiki(XWiki.java:504)
	at com.xpn.xwiki.XWiki.<init>(XWiki.java:443)
	at com.xpn.xwiki.XWiki.<init>(XWiki.java:439)
	at com.xpn.xwiki.tool.backup.AbstractPackager.createXWikiContext(AbstractPackager.java:63)
	at com.xpn.xwiki.tool.backup.Importer.importDocuments(Importer.java:56)
	at com.xpn.xwiki.tool.backup.ImportMojo.execute(ImportMojo.java:64)
	at org.apache.maven.plugin.DefaultPluginManager.executeMojo(DefaultPluginManager.java:412)
	at org.apache.maven.lifecycle.DefaultLifecycleExecutor.executeGoals(DefaultLifecycleExecutor.java:534)
	at org.apache.maven.lifecycle.DefaultLifecycleExecutor.executeStandaloneGoal(DefaultLifecycleExecutor.java:488)
	at org.apache.maven.lifecycle.DefaultLifecycleExecutor.executeGoal(DefaultLifecycleExecutor.java:458)
	at org.apache.maven.lifecycle.DefaultLifecycleExecutor.executeGoalAndHandleFailures(DefaultLifecycleExecutor.java:306)
	at org.apache.maven.lifecycle.DefaultLifecycleExecutor.executeTaskSegments(DefaultLifecycleExecutor.java:273)
	at org.apache.maven.lifecycle.DefaultLifecycleExecutor.execute(DefaultLifecycleExecutor.java:140)
	at org.apache.maven.DefaultMaven.doExecute(DefaultMaven.java:322)
	at org.apache.maven.DefaultMaven.execute(DefaultMaven.java:115)
	at org.apache.maven.cli.MavenCli.main(MavenCli.java:256)
	at sun.reflect.NativeMethodAccessorImpl.invoke0(Native Method)
	at sun.reflect.NativeMethodAccessorImpl.invoke(NativeMethodAccessorImpl.java:39)
	at sun.reflect.DelegatingMethodAccessorImpl.invoke(DelegatingMethodAccessorImpl.java:25)
	at java.lang.reflect.Method.invoke(Method.java:585)
	at org.codehaus.classworlds.Launcher.launchEnhanced(Launcher.java:315)
	at org.codehaus.classworlds.Launcher.launch(Launcher.java:255)
	at org.codehaus.classworlds.Launcher.mainWithExitCode(Launcher.java:430)
	at org.codehaus.classworlds.Launcher.main(Launcher.java:375)
03:43:44,781 ERROR main  OSCacheService:loadProps:185 - Could not load cache properties oscache.properties
java.lang.NullPointerException
	at com.xpn.xwiki.XWiki.getResourceAsStream(XWiki.java:613)
	at com.xpn.xwiki.cache.impl.OSCacheService.loadProps(OSCacheService.java:179)
	at com.xpn.xwiki.cache.impl.OSCacheService.init(OSCacheService.java:71)
	at com.xpn.xwiki.XWiki.getCacheService(XWiki.java:3681)
	at com.xpn.xwiki.store.XWikiCacheStore.initCache(XWikiCacheStore.java:76)
	at com.xpn.xwiki.store.XWikiCacheStore.initCache(XWikiCacheStore.java:71)
	at com.xpn.xwiki.store.XWikiCacheStore.<init>(XWikiCacheStore.java:54)
	at com.xpn.xwiki.XWiki.initXWiki(XWiki.java:504)
	at com.xpn.xwiki.XWiki.<init>(XWiki.java:443)
	at com.xpn.xwiki.XWiki.<init>(XWiki.java:439)
	at com.xpn.xwiki.tool.backup.AbstractPackager.createXWikiContext(AbstractPackager.java:63)
	at com.xpn.xwiki.tool.backup.Importer.importDocuments(Importer.java:56)
	at com.xpn.xwiki.tool.backup.ImportMojo.execute(ImportMojo.java:64)
	at org.apache.maven.plugin.DefaultPluginManager.executeMojo(DefaultPluginManager.java:412)
	at org.apache.maven.lifecycle.DefaultLifecycleExecutor.executeGoals(DefaultLifecycleExecutor.java:534)
	at org.apache.maven.lifecycle.DefaultLifecycleExecutor.executeStandaloneGoal(DefaultLifecycleExecutor.java:488)
	at org.apache.maven.lifecycle.DefaultLifecycleExecutor.executeGoal(DefaultLifecycleExecutor.java:458)
	at org.apache.maven.lifecycle.DefaultLifecycleExecutor.executeGoalAndHandleFailures(DefaultLifecycleExecutor.java:306)
	at org.apache.maven.lifecycle.DefaultLifecycleExecutor.executeTaskSegments(DefaultLifecycleExecutor.java:273)
	at org.apache.maven.lifecycle.DefaultLifecycleExecutor.execute(DefaultLifecycleExecutor.java:140)
	at org.apache.maven.DefaultMaven.doExecute(DefaultMaven.java:322)
	at org.apache.maven.DefaultMaven.execute(DefaultMaven.java:115)
	at org.apache.maven.cli.MavenCli.main(MavenCli.java:256)
	at sun.reflect.NativeMethodAccessorImpl.invoke0(Native Method)
	at sun.reflect.NativeMethodAccessorImpl.invoke(NativeMethodAccessorImpl.java:39)
	at sun.reflect.DelegatingMethodAccessorImpl.invoke(DelegatingMethodAccessorImpl.java:25)
	at java.lang.reflect.Method.invoke(Method.java:585)
	at org.codehaus.classworlds.Launcher.launchEnhanced(Launcher.java:315)
	at org.codehaus.classworlds.Launcher.launch(Launcher.java:255)
	at org.codehaus.classworlds.Launcher.mainWithExitCode(Launcher.java:430)
	at org.codehaus.classworlds.Launcher.main(Launcher.java:375)
03:43:44,812 ERROR main  OSCacheService:loadProps:185 - Could not load cache properties oscache-local.properties
java.lang.NullPointerException
	at com.xpn.xwiki.XWiki.getResourceAsStream(XWiki.java:613)
	at com.xpn.xwiki.cache.impl.OSCacheService.loadProps(OSCacheService.java:179)
	at com.xpn.xwiki.cache.impl.OSCacheService.init(OSCacheService.java:72)
	at com.xpn.xwiki.XWiki.getCacheService(XWiki.java:3681)
	at com.xpn.xwiki.store.XWikiCacheStore.initCache(XWikiCacheStore.java:76)
	at com.xpn.xwiki.store.XWikiCacheStore.initCache(XWikiCacheStore.java:71)
	at com.xpn.xwiki.store.XWikiCacheStore.<init>(XWikiCacheStore.java:54)
	at com.xpn.xwiki.XWiki.initXWiki(XWiki.java:504)
	at com.xpn.xwiki.XWiki.<init>(XWiki.java:443)
	at com.xpn.xwiki.XWiki.<init>(XWiki.java:439)
	at com.xpn.xwiki.tool.backup.AbstractPackager.createXWikiContext(AbstractPackager.java:63)
	at com.xpn.xwiki.tool.backup.Importer.importDocuments(Importer.java:56)
	at com.xpn.xwiki.tool.backup.ImportMojo.execute(ImportMojo.java:64)
	at org.apache.maven.plugin.DefaultPluginManager.executeMojo(DefaultPluginManager.java:412)
	at org.apache.maven.lifecycle.DefaultLifecycleExecutor.executeGoals(DefaultLifecycleExecutor.java:534)
	at org.apache.maven.lifecycle.DefaultLifecycleExecutor.executeStandaloneGoal(DefaultLifecycleExecutor.java:488)
	at org.apache.maven.lifecycle.DefaultLifecycleExecutor.executeGoal(DefaultLifecycleExecutor.java:458)
	at org.apache.maven.lifecycle.DefaultLifecycleExecutor.executeGoalAndHandleFailures(DefaultLifecycleExecutor.java:306)
	at org.apache.maven.lifecycle.DefaultLifecycleExecutor.executeTaskSegments(DefaultLifecycleExecutor.java:273)
	at org.apache.maven.lifecycle.DefaultLifecycleExecutor.execute(DefaultLifecycleExecutor.java:140)
	at org.apache.maven.DefaultMaven.doExecute(DefaultMaven.java:322)
	at org.apache.maven.DefaultMaven.execute(DefaultMaven.java:115)
	at org.apache.maven.cli.MavenCli.main(MavenCli.java:256)
	at sun.reflect.NativeMethodAccessorImpl.invoke0(Native Method)
	at sun.reflect.NativeMethodAccessorImpl.invoke(NativeMethodAccessorImpl.java:39)
	at sun.reflect.DelegatingMethodAccessorImpl.invoke(DelegatingMethodAccessorImpl.java:25)
	at java.lang.reflect.Method.invoke(Method.java:585)
	at org.codehaus.classworlds.Launcher.launchEnhanced(Launcher.java:315)
	at org.codehaus.classworlds.Launcher.launch(Launcher.java:255)
	at org.codehaus.classworlds.Launcher.mainWithExitCode(Launcher.java:430)
	at org.codehaus.classworlds.Launcher.main(Launcher.java:375)
12:07:24,906 ERROR main  OSCacheService:loadProps:185 - Could not load cache properties oscache.properties
java.lang.NullPointerException
	at com.xpn.xwiki.XWiki.getResourceAsStream(XWiki.java:613)
	at com.xpn.xwiki.cache.impl.OSCacheService.loadProps(OSCacheService.java:179)
	at com.xpn.xwiki.cache.impl.OSCacheService.init(OSCacheService.java:71)
	at com.xpn.xwiki.XWiki.getCacheService(XWiki.java:3681)
	at com.xpn.xwiki.store.XWikiCacheStore.initCache(XWikiCacheStore.java:76)
	at com.xpn.xwiki.store.XWikiCacheStore.initCache(XWikiCacheStore.java:71)
	at com.xpn.xwiki.store.XWikiCacheStore.<init>(XWikiCacheStore.java:54)
	at com.xpn.xwiki.XWiki.initXWiki(XWiki.java:504)
	at com.xpn.xwiki.XWiki.<init>(XWiki.java:443)
	at com.xpn.xwiki.XWiki.<init>(XWiki.java:439)
	at com.xpn.xwiki.tool.backup.AbstractPackager.createXWikiContext(AbstractPackager.java:63)
	at com.xpn.xwiki.tool.backup.Importer.importDocuments(Importer.java:56)
	at com.xpn.xwiki.tool.backup.ImportMojo.execute(ImportMojo.java:64)
	at org.apache.maven.plugin.DefaultPluginManager.executeMojo(DefaultPluginManager.java:412)
	at org.apache.maven.lifecycle.DefaultLifecycleExecutor.executeGoals(DefaultLifecycleExecutor.java:534)
	at org.apache.maven.lifecycle.DefaultLifecycleExecutor.executeStandaloneGoal(DefaultLifecycleExecutor.java:488)
	at org.apache.maven.lifecycle.DefaultLifecycleExecutor.executeGoal(DefaultLifecycleExecutor.java:458)
	at org.apache.maven.lifecycle.DefaultLifecycleExecutor.executeGoalAndHandleFailures(DefaultLifecycleExecutor.java:306)
	at org.apache.maven.lifecycle.DefaultLifecycleExecutor.executeTaskSegments(DefaultLifecycleExecutor.java:273)
	at org.apache.maven.lifecycle.DefaultLifecycleExecutor.execute(DefaultLifecycleExecutor.java:140)
	at org.apache.maven.DefaultMaven.doExecute(DefaultMaven.java:322)
	at org.apache.maven.DefaultMaven.execute(DefaultMaven.java:115)
	at org.apache.maven.cli.MavenCli.main(MavenCli.java:256)
	at sun.reflect.NativeMethodAccessorImpl.invoke0(Native Method)
	at sun.reflect.NativeMethodAccessorImpl.invoke(NativeMethodAccessorImpl.java:39)
	at sun.reflect.DelegatingMethodAccessorImpl.invoke(DelegatingMethodAccessorImpl.java:25)
	at java.lang.reflect.Method.invoke(Method.java:585)
	at org.codehaus.classworlds.Launcher.launchEnhanced(Launcher.java:315)
	at org.codehaus.classworlds.Launcher.launch(Launcher.java:255)
	at org.codehaus.classworlds.Launcher.mainWithExitCode(Launcher.java:430)
	at org.codehaus.classworlds.Launcher.main(Launcher.java:375)
12:07:24,953 ERROR main  OSCacheService:loadProps:185 - Could not load cache properties oscache-local.properties
java.lang.NullPointerException
	at com.xpn.xwiki.XWiki.getResourceAsStream(XWiki.java:613)
	at com.xpn.xwiki.cache.impl.OSCacheService.loadProps(OSCacheService.java:179)
	at com.xpn.xwiki.cache.impl.OSCacheService.init(OSCacheService.java:72)
	at com.xpn.xwiki.XWiki.getCacheService(XWiki.java:3681)
	at com.xpn.xwiki.store.XWikiCacheStore.initCache(XWikiCacheStore.java:76)
	at com.xpn.xwiki.store.XWikiCacheStore.initCache(XWikiCacheStore.java:71)
	at com.xpn.xwiki.store.XWikiCacheStore.<init>(XWikiCacheStore.java:54)
	at com.xpn.xwiki.XWiki.initXWiki(XWiki.java:504)
	at com.xpn.xwiki.XWiki.<init>(XWiki.java:443)
	at com.xpn.xwiki.XWiki.<init>(XWiki.java:439)
	at com.xpn.xwiki.tool.backup.AbstractPackager.createXWikiContext(AbstractPackager.java:63)
	at com.xpn.xwiki.tool.backup.Importer.importDocuments(Importer.java:56)
	at com.xpn.xwiki.tool.backup.ImportMojo.execute(ImportMojo.java:64)
	at org.apache.maven.plugin.DefaultPluginManager.executeMojo(DefaultPluginManager.java:412)
	at org.apache.maven.lifecycle.DefaultLifecycleExecutor.executeGoals(DefaultLifecycleExecutor.java:534)
	at org.apache.maven.lifecycle.DefaultLifecycleExecutor.executeStandaloneGoal(DefaultLifecycleExecutor.java:488)
	at org.apache.maven.lifecycle.DefaultLifecycleExecutor.executeGoal(DefaultLifecycleExecutor.java:458)
	at org.apache.maven.lifecycle.DefaultLifecycleExecutor.executeGoalAndHandleFailures(DefaultLifecycleExecutor.java:306)
	at org.apache.maven.lifecycle.DefaultLifecycleExecutor.executeTaskSegments(DefaultLifecycleExecutor.java:273)
	at org.apache.maven.lifecycle.DefaultLifecycleExecutor.execute(DefaultLifecycleExecutor.java:140)
	at org.apache.maven.DefaultMaven.doExecute(DefaultMaven.java:322)
	at org.apache.maven.DefaultMaven.execute(DefaultMaven.java:115)
	at org.apache.maven.cli.MavenCli.main(MavenCli.java:256)
	at sun.reflect.NativeMethodAccessorImpl.invoke0(Native Method)
	at sun.reflect.NativeMethodAccessorImpl.invoke(NativeMethodAccessorImpl.java:39)
	at sun.reflect.DelegatingMethodAccessorImpl.invoke(DelegatingMethodAccessorImpl.java:25)
	at java.lang.reflect.Method.invoke(Method.java:585)
	at org.codehaus.classworlds.Launcher.launchEnhanced(Launcher.java:315)
	at org.codehaus.classworlds.Launcher.launch(Launcher.java:255)
	at org.codehaus.classworlds.Launcher.mainWithExitCode(Launcher.java:430)
	at org.codehaus.classworlds.Launcher.main(Launcher.java:375)
20:57:37,799 ERROR main  OSCacheService:loadProps:185 - Could not load cache properties oscache.properties
java.lang.NullPointerException
	at com.xpn.xwiki.XWiki.getResourceAsStream(XWiki.java:613)
	at com.xpn.xwiki.cache.impl.OSCacheService.loadProps(OSCacheService.java:179)
	at com.xpn.xwiki.cache.impl.OSCacheService.init(OSCacheService.java:71)
	at com.xpn.xwiki.XWiki.getCacheService(XWiki.java:3681)
	at com.xpn.xwiki.store.XWikiCacheStore.initCache(XWikiCacheStore.java:76)
	at com.xpn.xwiki.store.XWikiCacheStore.initCache(XWikiCacheStore.java:71)
	at com.xpn.xwiki.store.XWikiCacheStore.<init>(XWikiCacheStore.java:54)
	at com.xpn.xwiki.XWiki.initXWiki(XWiki.java:504)
	at com.xpn.xwiki.XWiki.<init>(XWiki.java:443)
	at com.xpn.xwiki.XWiki.<init>(XWiki.java:439)
	at com.xpn.xwiki.tool.backup.AbstractPackager.createXWikiContext(AbstractPackager.java:63)
	at com.xpn.xwiki.tool.backup.Importer.importDocuments(Importer.java:56)
	at com.xpn.xwiki.tool.backup.ImportMojo.execute(ImportMojo.java:64)
	at org.apache.maven.plugin.DefaultPluginManager.executeMojo(DefaultPluginManager.java:412)
	at org.apache.maven.lifecycle.DefaultLifecycleExecutor.executeGoals(DefaultLifecycleExecutor.java:534)
	at org.apache.maven.lifecycle.DefaultLifecycleExecutor.executeStandaloneGoal(DefaultLifecycleExecutor.java:488)
	at org.apache.maven.lifecycle.DefaultLifecycleExecutor.executeGoal(DefaultLifecycleExecutor.java:458)
	at org.apache.maven.lifecycle.DefaultLifecycleExecutor.executeGoalAndHandleFailures(DefaultLifecycleExecutor.java:306)
	at org.apache.maven.lifecycle.DefaultLifecycleExecutor.executeTaskSegments(DefaultLifecycleExecutor.java:273)
	at org.apache.maven.lifecycle.DefaultLifecycleExecutor.execute(DefaultLifecycleExecutor.java:140)
	at org.apache.maven.DefaultMaven.doExecute(DefaultMaven.java:322)
	at org.apache.maven.DefaultMaven.execute(DefaultMaven.java:115)
	at org.apache.maven.cli.MavenCli.main(MavenCli.java:256)
	at sun.reflect.NativeMethodAccessorImpl.invoke0(Native Method)
	at sun.reflect.NativeMethodAccessorImpl.invoke(NativeMethodAccessorImpl.java:39)
	at sun.reflect.DelegatingMethodAccessorImpl.invoke(DelegatingMethodAccessorImpl.java:25)
	at java.lang.reflect.Method.invoke(Method.java:585)
	at org.codehaus.classworlds.Launcher.launchEnhanced(Launcher.java:315)
	at org.codehaus.classworlds.Launcher.launch(Launcher.java:255)
	at org.codehaus.classworlds.Launcher.mainWithExitCode(Launcher.java:430)
	at org.codehaus.classworlds.Launcher.main(Launcher.java:375)
20:57:37,818 ERROR main  OSCacheService:loadProps:185 - Could not load cache properties oscache-local.properties
java.lang.NullPointerException
	at com.xpn.xwiki.XWiki.getResourceAsStream(XWiki.java:613)
	at com.xpn.xwiki.cache.impl.OSCacheService.loadProps(OSCacheService.java:179)
	at com.xpn.xwiki.cache.impl.OSCacheService.init(OSCacheService.java:72)
	at com.xpn.xwiki.XWiki.getCacheService(XWiki.java:3681)
	at com.xpn.xwiki.store.XWikiCacheStore.initCache(XWikiCacheStore.java:76)
	at com.xpn.xwiki.store.XWikiCacheStore.initCache(XWikiCacheStore.java:71)
	at com.xpn.xwiki.store.XWikiCacheStore.<init>(XWikiCacheStore.java:54)
	at com.xpn.xwiki.XWiki.initXWiki(XWiki.java:504)
	at com.xpn.xwiki.XWiki.<init>(XWiki.java:443)
	at com.xpn.xwiki.XWiki.<init>(XWiki.java:439)
	at com.xpn.xwiki.tool.backup.AbstractPackager.createXWikiContext(AbstractPackager.java:63)
	at com.xpn.xwiki.tool.backup.Importer.importDocuments(Importer.java:56)
	at com.xpn.xwiki.tool.backup.ImportMojo.execute(ImportMojo.java:64)
	at org.apache.maven.plugin.DefaultPluginManager.executeMojo(DefaultPluginManager.java:412)
	at org.apache.maven.lifecycle.DefaultLifecycleExecutor.executeGoals(DefaultLifecycleExecutor.java:534)
	at org.apache.maven.lifecycle.DefaultLifecycleExecutor.executeStandaloneGoal(DefaultLifecycleExecutor.java:488)
	at org.apache.maven.lifecycle.DefaultLifecycleExecutor.executeGoal(DefaultLifecycleExecutor.java:458)
	at org.apache.maven.lifecycle.DefaultLifecycleExecutor.executeGoalAndHandleFailures(DefaultLifecycleExecutor.java:306)
	at org.apache.maven.lifecycle.DefaultLifecycleExecutor.executeTaskSegments(DefaultLifecycleExecutor.java:273)
	at org.apache.maven.lifecycle.DefaultLifecycleExecutor.execute(DefaultLifecycleExecutor.java:140)
	at org.apache.maven.DefaultMaven.doExecute(DefaultMaven.java:322)
	at org.apache.maven.DefaultMaven.execute(DefaultMaven.java:115)
	at org.apache.maven.cli.MavenCli.main(MavenCli.java:256)
	at sun.reflect.NativeMethodAccessorImpl.invoke0(Native Method)
	at sun.reflect.NativeMethodAccessorImpl.invoke(NativeMethodAccessorImpl.java:39)
	at sun.reflect.DelegatingMethodAccessorImpl.invoke(DelegatingMethodAccessorImpl.java:25)
	at java.lang.reflect.Method.invoke(Method.java:585)
	at org.codehaus.classworlds.Launcher.launchEnhanced(Launcher.java:315)
	at org.codehaus.classworlds.Launcher.launch(Launcher.java:255)
	at org.codehaus.classworlds.Launcher.mainWithExitCode(Launcher.java:430)
	at org.codehaus.classworlds.Launcher.main(Launcher.java:375)
